This is pdfTeX, Version 3.141592653-2.6-1.40.25 (MiKTeX 23.12) (preloaded format=pdflatex 2024.1.17)  22 NOV 2024 18:03
entering extended mode
 restricted \write18 enabled.
 file:line:error style messages enabled.
 %&-line parsing enabled.
**c:/Users/13784/ECEUY_4144/hands_on_comm_tex/hands_on_comm.tex
(c:/Users/13784/ECEUY_4144/hands_on_comm_tex/hands_on_comm.tex
LaTeX2e <2023-11-01>
L3 programming layer <2024-01-04>
(D:\miktex\tex/latex/base\article.cls
Document Class: article 2023/05/17 v1.4n Standard LaTeX document class
(D:\miktex\tex/latex/base\size10.clo
File: size10.clo 2023/05/17 v1.4n Standard LaTeX file (size option)
)
\c@part=\count187
\c@section=\count188
\c@subsection=\count189
\c@subsubsection=\count190
\c@paragraph=\count191
\c@subparagraph=\count192
\c@figure=\count193
\c@table=\count194
\abovecaptionskip=\skip48
\belowcaptionskip=\skip49
\bibindent=\dimen140
) (C:\Users\13784\AppData\Roaming\MiKTeX\tex/latex/geometry\geometry.sty
Package: geometry 2020/01/02 v5.9 Page Geometry
 (D:\miktex\tex/latex/graphics\keyval.sty
Package: keyval 2022/05/29 v1.15 key=value parser (DPC)
\KV@toks@=\toks17
) (D:\miktex\tex/generic/iftex\ifvtex.sty
Package: ifvtex 2019/10/25 v1.7 ifvtex legacy package. Use iftex instead.
 (D:\miktex\tex/generic/iftex\iftex.sty
Package: iftex 2022/02/03 v1.0f TeX engine tests
))
\Gm@cnth=\count195
\Gm@cntv=\count196
\c@Gm@tempcnt=\count197
\Gm@bindingoffset=\dimen141
\Gm@wd@mp=\dimen142
\Gm@odd@mp=\dimen143
\Gm@even@mp=\dimen144
\Gm@layoutwidth=\dimen145
\Gm@layoutheight=\dimen146
\Gm@layouthoffset=\dimen147
\Gm@layoutvoffset=\dimen148
\Gm@dimlist=\toks18
 (C:\Users\13784\AppData\Roaming\MiKTeX\tex/latex/geometry\geometry.cfg)) (D:\miktex\tex/latex/graphics\graphicx.sty
Package: graphicx 2021/09/16 v1.2d Enhanced LaTeX Graphics (DPC,SPQR)
 (D:\miktex\tex/latex/graphics\graphics.sty
Package: graphics 2022/03/10 v1.4e Standard LaTeX Graphics (DPC,SPQR)
 (D:\miktex\tex/latex/graphics\trig.sty
Package: trig 2021/08/11 v1.11 sin cos tan (DPC)
) (D:\miktex\tex/latex/graphics-cfg\graphics.cfg
File: graphics.cfg 2016/06/04 v1.11 sample graphics configuration
)
Package graphics Info: Driver file: pdftex.def on input line 107.
 (D:\miktex\tex/latex/graphics-def\pdftex.def
File: pdftex.def 2022/09/22 v1.2b Graphics/color driver for pdftex
))
\Gin@req@height=\dimen149
\Gin@req@width=\dimen150
) (D:\miktex\tex/latex/l3backend\l3backend-pdftex.def
File: l3backend-pdftex.def 2024-01-04 L3 backend support: PDF output (pdfTeX)
\l__color_backend_stack_int=\count198
\l__pdf_internal_box=\box51
) (hands_on_comm.aux)
\openout1 = `hands_on_comm.aux'.

LaTeX Font Info:    Checking defaults for OML/cmm/m/it on input line 5.
LaTeX Font Info:    ... okay on input line 5.
LaTeX Font Info:    Checking defaults for OMS/cmsy/m/n on input line 5.
LaTeX Font Info:    ... okay on input line 5.
LaTeX Font Info:    Checking defaults for OT1/cmr/m/n on input line 5.
LaTeX Font Info:    ... okay on input line 5.
LaTeX Font Info:    Checking defaults for T1/cmr/m/n on input line 5.
LaTeX Font Info:    ... okay on input line 5.
LaTeX Font Info:    Checking defaults for TS1/cmr/m/n on input line 5.
LaTeX Font Info:    ... okay on input line 5.
LaTeX Font Info:    Checking defaults for OMX/cmex/m/n on input line 5.
LaTeX Font Info:    ... okay on input line 5.
LaTeX Font Info:    Checking defaults for U/cmr/m/n on input line 5.
LaTeX Font Info:    ... okay on input line 5.

*geometry* driver: auto-detecting
*geometry* detected driver: pdftex
*geometry* verbose mode - [ preamble ] result:
* driver: pdftex
* paper: letterpaper
* layout: <same size as paper>
* layoutoffset:(h,v)=(0.0pt,0.0pt)
* modes: 
* h-part:(L,W,R)=(85.35826pt, 443.57848pt, 85.35826pt)
* v-part:(T,H,B)=(56.9055pt, 681.15898pt, 56.9055pt)
* \paperwidth=614.295pt
* \paperheight=794.96999pt
* \textwidth=443.57848pt
* \textheight=681.15898pt
* \oddsidemargin=13.08827pt
* \evensidemargin=13.08827pt
* \topmargin=-52.36449pt
* \headheight=12.0pt
* \headsep=25.0pt
* \topskip=10.0pt
* \footskip=30.0pt
* \marginparwidth=49.79231pt
* \marginparsep=11.0pt
* \columnsep=10.0pt
* \skip\footins=9.0pt plus 4.0pt minus 2.0pt
* \hoffset=0.0pt
* \voffset=0.0pt
* \mag=1000
* \@twocolumnfalse
* \@twosidefalse
* \@mparswitchfalse
* \@reversemarginfalse
* (1in=72.27pt=25.4mm, 1cm=28.453pt)

(D:\miktex\tex/context/base/mkii\supp-pdf.mkii
[Loading MPS to PDF converter (version 2006.09.02).]
\scratchcounter=\count199
\scratchdimen=\dimen151
\scratchbox=\box52
\nofMPsegments=\count266
\nofMParguments=\count267
\everyMPshowfont=\toks19
\MPscratchCnt=\count268
\MPscratchDim=\dimen152
\MPnumerator=\count269
\makeMPintoPDFobject=\count270
\everyMPtoPDFconversion=\toks20
) (D:\miktex\tex/latex/epstopdf-pkg\epstopdf-base.sty
Package: epstopdf-base 2020-01-24 v2.11 Base part for package epstopdf
Package epstopdf-base Info: Redefining graphics rule for `.eps' on input line 485.
 (D:\miktex\tex/latex/00miktex\epstopdf-sys.cfg
File: epstopdf-sys.cfg 2021/03/18 v2.0 Configuration of epstopdf for MiKTeX
))
LaTeX Font Info:    External font `cmex10' loaded for size
(Font)              <7> on input line 10.
LaTeX Font Info:    External font `cmex10' loaded for size
(Font)              <5> on input line 10.
 [1

{C:/Users/13784/AppData/Local/MiKTeX/fonts/map/pdftex/pdftex.map}]
<pic1.png, id=8, 1606.0pt x 1208.515pt>
File: pic1.png Graphic file (type png)
<use pic1.png>
Package pdftex.def Info: pic1.png  used on input line 105.
(pdftex.def)             Requested size: 221.78923pt x 166.8859pt.
<pic2.png, id=9, 1926.44719pt x 1148.79187pt>
File: pic2.png Graphic file (type png)
<use pic2.png>
Package pdftex.def Info: pic2.png  used on input line 111.
(pdftex.def)             Requested size: 354.86412pt x 211.61165pt.
 [2 <./pic1.png (PNG copy)>] [3 <./pic2.png>] (hands_on_comm.aux)
 ***********
LaTeX2e <2023-11-01>
L3 programming layer <2024-01-04>
 ***********
 ) 
Here is how much of TeX's memory you used:
 1853 strings out of 474486
 29336 string characters out of 5760170
 1942528 words of memory out of 5000000
 24169 multiletter control sequences out of 15000+600000
 558842 words of font info for 39 fonts, out of 8000000 for 9000
 1141 hyphenation exceptions out of 8191
 57i,7n,65p,366b,272s stack positions out of 10000i,1000n,20000p,200000b,200000s
<D:/miktex/fonts/type1/public/amsfonts/cm/cmbx12.pfb><D:/miktex/fonts/type1/public/amsfonts/cm/cmr10.pfb><D:/miktex/fonts/type1/public/amsfonts/cm/cmtt10.pfb>
Output written on hands_on_comm.pdf (3 pages, 3953095 bytes).
PDF statistics:
 31 PDF objects out of 1000 (max. 8388607)
 0 named destinations out of 1000 (max. 500000)
 11 words of extra memory for PDF output out of 10000 (max. 10000000)

